Vivado Simulator 2019.2
Time resolution is 1 ps
tx = x                   0
outALU = xxxxxxxx                   0
rx = 1, i =           0                   0
tx = 1                   5
outALU = xxxxxxx0                   6
outALU = 0xxxxxx0                   6
outALU = 00000000                   6
rx = 1, i =           1               26080
rx = 0, i =           2               78240
rx = 1, i =           3              130400
rx = 0, i =           4              182560
rx = 0, i =           5              234720
rx = 0, i =           6              286880
rx = 0, i =           7              339040
rx = 0, i =           8              391200
rx = 0, i =           9              443360
rx = 0, i =          10              495520
rx = 1, i =          11              547680
rx = 1, i =          12              599840
rx = 1, i =          13              652000
rx = 1, i =          14              704160
rx = 0, i =          15              756320
rx = 1, i =          16              808480
rx = 1, i =          17              860640
rx = 0, i =          18              912800
rx = 0, i =          19              964960
rx = 0, i =          20             1017120
rx = 0, i =          21             1069280
rx = 0, i =          22             1121440
rx = 0, i =          23             1173600
rx = 0, i =          24             1225760
rx = 1, i =          25             1277920
rx = 1, i =          26             1330080
rx = 1, i =          27             1382240
rx = 0, i =          28             1434400
rx = 0, i =          29             1486560
rx = 0, i =          30             1538720
rx = 0, i =          31             1590880
rx = 0, i =          32             1643040
rx = 0, i =          33             1695200
rx = 1, i =          34             1747360
rx = 0, i =          35             1799520
rx = 0, i =          36             1851680
rx = 1, i =          37             1903840
rx = 1, i =          38             1956000
rx = 1, i =          39             2008160
outALU = 00000100             2031119
outALU = 00000101             2031178
outALU = 00000111             2031179
outALU = 00000011             2031179
outALU = 00000010             2031179
outALU = 00000000             2031179
tx = 0             2031218
rx = 1, i =           0             2060320
rx = 1, i =           1             2112480
rx = 0, i =           2             2164640
tx = 1             2187558
rx = 1, i =           3             2216800
tx = 0             2239718
rx = 0, i =           4             2268960
rx = 0, i =           5             2321120
rx = 0, i =           6             2373280
rx = 0, i =           7             2425440
rx = 0, i =           8             2477600
tx = 1             2500518
rx = 0, i =           9             2529760
rx = 0, i =          10             2581920
rx = 1, i =          11             2634080
rx = 1, i =          12             2686240
rx = 1, i =          13             2738400
rx = 1, i =          14             2790560
rx = 0, i =          15             2842720
rx = 1, i =          16             2894880
rx = 1, i =          17             2947040
rx = 0, i =          18             2999200
rx = 0, i =          19             3051360
rx = 0, i =          20             3103520
rx = 0, i =          21             3155680
