Vivado Simulator 2019.2
Time resolution is 1 ps
tx = x                   0
outALU = xxxxxxxx                   0
rx = 1, i =           0                   0
tx = 1                  10
outALU = 00000000                  10
rx = 1, i =           1               26080
rx = 0, i =           2               78240
rx = 1, i =           3              130400
rx = 0, i =           4              182560
rx = 0, i =           5              234720
rx = 0, i =           6              286880
rx = 0, i =           7              339040
rx = 0, i =           8              391200
rx = 0, i =           9              443360
rx = 0, i =          10              495520
rx = 1, i =          11              547680
rx = 1, i =          12              599840
rx = 0, i =          13              652000
rx = 1, i =          14              704160
rx = 1, i =          15              756320
rx = 0, i =          16              808480
rx = 0, i =          17              860640
rx = 0, i =          18              912800
rx = 0, i =          19              964960
rx = 0, i =          20             1017120
rx = 0, i =          21             1069280
rx = 1, i =          22             1121440
rx = 1, i =          23             1173600
rx = 0, i =          24             1225760
rx = 0, i =          25             1277920
rx = 0, i =          26             1330080
rx = 0, i =          27             1382240
rx = 0, i =          28             1434400
rx = 0, i =          29             1486560
rx = 1, i =          30             1538720
rx = 0, i =          31             1590880
rx = 0, i =          32             1643040
rx = 1, i =          33             1695200
outALU = 00000100             1721330
outALU = 00000000             1721390
tx = 0             1721430
rx = 0, i =          34             1747360
rx = 0, i =          35             1799520
rx = 0, i =          36             1851680
tx = 1             1877770
rx = 0, i =          37             1903840
tx = 0             1929930
rx = 0, i =          38             1956000
