
*** Running vivado
    with args -log Top.vds -m64 -product Vivado -mode batch -messageDb vivado.pb -notrace -source Top.tcl


****** Vivado v2019.2 (64-bit)
  **** SW Build 2708876 on Wed Nov  6 21:40:23 MST 2019
  **** IP Build 2700528 on Thu Nov  7 00:09:20 MST 2019
    ** Copyright 1986-2019 Xilinx, Inc. All Rights Reserved.

source Top.tcl -notrace
Command: synth_design -top Top -part xc7a35tcpg236-1
Starting synth_design
Attempting to get a license for feature 'Synthesis' and/or device 'xc7a35t'
INFO: [Common 17-349] Got license for feature 'Synthesis' and/or device 'xc7a35t'
INFO: [Device 21-403] Loading part xc7a35tcpg236-1
INFO: Launching helper process for spawning children vivado processes
INFO: Helper process launched with PID 9124 
---------------------------------------------------------------------------------
Starting RTL Elaboration : Time (s): cpu = 00:00:03 ; elapsed = 00:00:03 . Memory (MB): peak = 986.477 ; gain = 233.512
---------------------------------------------------------------------------------
INFO: [Synth 8-6157] synthesizing module 'Top' [C:/Users/TomasMartin/TP2.2/TP2.2.srcs/sources_1/new/Top.v:3]
	Parameter CLK_POR_TICK bound to: 163 - type: integer 
	Parameter D_BITS bound to: 8 - type: integer 
	Parameter PARITY bound to: 1 - type: integer 
	Parameter STOP_BITS bound to: 2 - type: integer 
	Parameter SIZE_FIFO bound to: 3 - type: integer 
INFO: [Synth 8-6157] synthesizing module 'RX' [C:/Users/TomasMartin/TP2.2/TP2.2.srcs/sources_1/new/Rx.v:3]
	Parameter D_BITS bound to: 8 - type: integer 
	Parameter PARITY bound to: 1 - type: integer 
	Parameter STOP_BITS bound to: 2 - type: integer 
	Parameter R_IDLE bound to: 5'b00001 
	Parameter R_START bound to: 5'b00010 
	Parameter R_DATA bound to: 5'b00100 
	Parameter R_PARITY bound to: 5'b01000 
	Parameter R_STOP bound to: 5'b10000 
INFO: [Synth 8-6155] done synthesizing module 'RX' (1#1) [C:/Users/TomasMartin/TP2.2/TP2.2.srcs/sources_1/new/Rx.v:3]
INFO: [Synth 8-6157] synthesizing module 'TX' [C:/Users/TomasMartin/TP2.2/TP2.2.srcs/sources_1/new/Tx.v:3]
	Parameter D_BITS bound to: 8 - type: integer 
	Parameter PARITY bound to: 1 - type: integer 
	Parameter STOP_BITS bound to: 2 - type: integer 
	Parameter T_IDLE bound to: 5'b00001 
	Parameter T_START bound to: 5'b00010 
	Parameter T_DATA bound to: 5'b00100 
	Parameter T_PARITY bound to: 5'b01000 
	Parameter T_STOP bound to: 5'b10000 
INFO: [Synth 8-6155] done synthesizing module 'TX' (2#1) [C:/Users/TomasMartin/TP2.2/TP2.2.srcs/sources_1/new/Tx.v:3]
INFO: [Synth 8-6157] synthesizing module 'BaudrateGen' [C:/Users/TomasMartin/TP2.2/TP2.2.srcs/sources_1/new/BaudrateGen.v:3]
	Parameter CLK_POR_TICK bound to: 163 - type: integer 
INFO: [Synth 8-6155] done synthesizing module 'BaudrateGen' (3#1) [C:/Users/TomasMartin/TP2.2/TP2.2.srcs/sources_1/new/BaudrateGen.v:3]
INFO: [Synth 8-6157] synthesizing module 'ALU' [C:/Users/TomasMartin/TP2.2/TP2.2.srcs/sources_1/new/ALU.v:3]
	Parameter D_BITS bound to: 8 - type: integer 
INFO: [Synth 8-6155] done synthesizing module 'ALU' (4#1) [C:/Users/TomasMartin/TP2.2/TP2.2.srcs/sources_1/new/ALU.v:3]
INFO: [Synth 8-6157] synthesizing module 'FIFO' [C:/Users/TomasMartin/TP2.2/TP2.2.srcs/sources_1/new/FIFO.v:3]
	Parameter D_BITS bound to: 8 - type: integer 
	Parameter SIZE_FIFO bound to: 3 - type: integer 
INFO: [Synth 8-6155] done synthesizing module 'FIFO' (5#1) [C:/Users/TomasMartin/TP2.2/TP2.2.srcs/sources_1/new/FIFO.v:3]
INFO: [Synth 8-6157] synthesizing module 'Interfaz' [C:/Users/TomasMartin/TP2.2/TP2.2.srcs/sources_1/new/Interfaz.v:3]
	Parameter D_BITS bound to: 8 - type: integer 
	Parameter DATO_A bound to: 5'b00001 
	Parameter DATO_B bound to: 5'b00010 
	Parameter DATO_OP bound to: 5'b00100 
	Parameter ESPERA bound to: 5'b10000 
	Parameter RESULTADO bound to: 5'b01000 
INFO: [Synth 8-6155] done synthesizing module 'Interfaz' (6#1) [C:/Users/TomasMartin/TP2.2/TP2.2.srcs/sources_1/new/Interfaz.v:3]
INFO: [Synth 8-6155] done synthesizing module 'Top' (7#1) [C:/Users/TomasMartin/TP2.2/TP2.2.srcs/sources_1/new/Top.v:3]
---------------------------------------------------------------------------------
Finished RTL Elaboration : Time (s): cpu = 00:00:04 ; elapsed = 00:00:05 . Memory (MB): peak = 1058.883 ; gain = 305.918
---------------------------------------------------------------------------------

Report Check Netlist: 
+------+------------------+-------+---------+-------+------------------+
|      |Item              |Errors |Warnings |Status |Description       |
+------+------------------+-------+---------+-------+------------------+
|1     |multi_driven_nets |      0|        0|Passed |Multi driven nets |
+------+------------------+-------+---------+-------+------------------+
---------------------------------------------------------------------------------
Start Handling Custom Attributes
---------------------------------------------------------------------------------
---------------------------------------------------------------------------------
Finished Handling Custom Attributes : Time (s): cpu = 00:00:04 ; elapsed = 00:00:05 . Memory (MB): peak = 1058.883 ; gain = 305.918
---------------------------------------------------------------------------------
---------------------------------------------------------------------------------
Finished RTL Optimization Phase 1 : Time (s): cpu = 00:00:04 ; elapsed = 00:00:05 . Memory (MB): peak = 1058.883 ; gain = 305.918
---------------------------------------------------------------------------------
Netlist sorting complete. Time (s): cpu = 00:00:00 ; elapsed = 00:00:00.012 . Memory (MB): peak = 1058.883 ; gain = 0.000
INFO: [Project 1-570] Preparing netlist for logic optimization

Processing XDC Constraints
Initializing timing engine
Parsing XDC File [C:/Users/TomasMartin/TP2.2/TP2.2.srcs/constrs_1/new/Const.xdc]
Finished Parsing XDC File [C:/Users/TomasMartin/TP2.2/TP2.2.srcs/constrs_1/new/Const.xdc]
INFO: [Project 1-236] Implementation specific constraints were found while reading constraint file [C:/Users/TomasMartin/TP2.2/TP2.2.srcs/constrs_1/new/Const.xdc]. These constraints will be ignored for synthesis but will be used in implementation. Impacted constraints are listed in the file [.Xil/Top_propImpl.xdc].
Resolution: To avoid this warning, move constraints listed in [.Xil/Top_propImpl.xdc] to another XDC file and exclude this new file from synthesis with the used_in_synthesis property (File Properties dialog in GUI) and re-run elaboration/synthesis.
Completed Processing XDC Constraints

Netlist sorting complete. Time (s): cpu = 00:00:00 ; elapsed = 00:00:00 . Memory (MB): peak = 1164.168 ; gain = 0.000
INFO: [Project 1-111] Unisim Transformation Summary:
No Unisim elements were transformed.

Constraint Validation Runtime : Time (s): cpu = 00:00:00 ; elapsed = 00:00:00.006 . Memory (MB): peak = 1164.168 ; gain = 0.000
---------------------------------------------------------------------------------
Finished Constraint Validation : Time (s): cpu = 00:00:09 ; elapsed = 00:00:11 . Memory (MB): peak = 1164.168 ; gain = 411.203
---------------------------------------------------------------------------------
---------------------------------------------------------------------------------
Start Loading Part and Timing Information
---------------------------------------------------------------------------------
Loading part: xc7a35tcpg236-1
---------------------------------------------------------------------------------
Finished Loading Part and Timing Information : Time (s): cpu = 00:00:09 ; elapsed = 00:00:11 . Memory (MB): peak = 1164.168 ; gain = 411.203
---------------------------------------------------------------------------------
---------------------------------------------------------------------------------
Start Applying 'set_property' XDC Constraints
---------------------------------------------------------------------------------
---------------------------------------------------------------------------------
Finished applying 'set_property' XDC Constraints : Time (s): cpu = 00:00:09 ; elapsed = 00:00:11 . Memory (MB): peak = 1164.168 ; gain = 411.203
---------------------------------------------------------------------------------
INFO: [Synth 8-802] inferred FSM for state register 'r_state_reg' in module 'RX'
INFO: [Synth 8-802] inferred FSM for state register 't_state_reg' in module 'TX'
INFO: [Synth 8-5818] HDL ADVISOR - The operator resource <adder> is shared. To prevent sharing consider applying a KEEP on the output of the operator [C:/Users/TomasMartin/TP2.2/TP2.2.srcs/sources_1/new/ALU.v:17]
INFO: [Synth 8-802] inferred FSM for state register 'state_reg' in module 'Interfaz'
---------------------------------------------------------------------------------------------------
                   State |                     New Encoding |                Previous Encoding 
---------------------------------------------------------------------------------------------------
*
                  R_IDLE |                            00001 |                            00001
                 R_START |                            00010 |                            00010
                  R_DATA |                            00100 |                            00100
                R_PARITY |                            01000 |                            01000
                  R_STOP |                            10000 |                            10000
---------------------------------------------------------------------------------------------------
INFO: [Synth 8-3898] No Re-encoding of one hot register 'r_state_reg' in module 'RX'
---------------------------------------------------------------------------------------------------
                   State |                     New Encoding |                Previous Encoding 
---------------------------------------------------------------------------------------------------
*
                  T_IDLE |                            00001 |                            00001
                 T_START |                            00010 |                            00010
                  T_DATA |                            00100 |                            00100
                T_PARITY |                            01000 |                            01000
                  T_STOP |                            10000 |                            10000
---------------------------------------------------------------------------------------------------
INFO: [Synth 8-3898] No Re-encoding of one hot register 't_state_reg' in module 'TX'
---------------------------------------------------------------------------------------------------
                   State |                     New Encoding |                Previous Encoding 
---------------------------------------------------------------------------------------------------
*
                  DATO_A |                            00001 |                            00001
                  ESPERA |                            10000 |                            10000
                  DATO_B |                            00010 |                            00010
                 DATO_OP |                            00100 |                            00100
               RESULTADO |                            01000 |                            01000
---------------------------------------------------------------------------------------------------
INFO: [Synth 8-3898] No Re-encoding of one hot register 'state_reg' in module 'Interfaz'
---------------------------------------------------------------------------------
Finished RTL Optimization Phase 2 : Time (s): cpu = 00:00:10 ; elapsed = 00:00:11 . Memory (MB): peak = 1164.168 ; gain = 411.203
---------------------------------------------------------------------------------

Report RTL Partitions: 
+-+--------------+------------+----------+
| |RTL Partition |Replication |Instances |
+-+--------------+------------+----------+
+-+--------------+------------+----------+
---------------------------------------------------------------------------------
Start RTL Component Statistics 
---------------------------------------------------------------------------------
Detailed RTL Component Info : 
+---Adders : 
	   2 Input     32 Bit       Adders := 6     
	   2 Input     12 Bit       Adders := 1     
	   3 Input      8 Bit       Adders := 1     
	   2 Input      4 Bit       Adders := 2     
	   2 Input      3 Bit       Adders := 6     
	   2 Input      2 Bit       Adders := 2     
+---XORs : 
	   2 Input      8 Bit         XORs := 1     
+---Registers : 
	               32 Bit    Registers := 4     
	               12 Bit    Registers := 1     
	                8 Bit    Registers := 6     
	                4 Bit    Registers := 2     
	                3 Bit    Registers := 2     
	                2 Bit    Registers := 2     
	                1 Bit    Registers := 10    
+---RAMs : 
	               64 Bit         RAMs := 2     
+---Muxes : 
	   2 Input     32 Bit        Muxes := 4     
	   6 Input     32 Bit        Muxes := 3     
	   2 Input     12 Bit        Muxes := 1     
	   6 Input      8 Bit        Muxes := 4     
	   8 Input      8 Bit        Muxes := 1     
	   2 Input      8 Bit        Muxes := 2     
	   6 Input      5 Bit        Muxes := 3     
	   2 Input      5 Bit        Muxes := 16    
	   2 Input      4 Bit        Muxes := 16    
	   6 Input      4 Bit        Muxes := 2     
	   3 Input      4 Bit        Muxes := 1     
	   6 Input      3 Bit        Muxes := 2     
	   2 Input      3 Bit        Muxes := 4     
	   9 Input      3 Bit        Muxes := 1     
	   6 Input      2 Bit        Muxes := 2     
	   2 Input      2 Bit        Muxes := 3     
	   2 Input      1 Bit        Muxes := 14    
	   6 Input      1 Bit        Muxes := 27    
	   3 Input      1 Bit        Muxes := 3     
	   4 Input      1 Bit        Muxes := 12    
---------------------------------------------------------------------------------
Finished RTL Component Statistics 
---------------------------------------------------------------------------------
---------------------------------------------------------------------------------
Start RTL Hierarchical Component Statistics 
---------------------------------------------------------------------------------
Hierarchical RTL Component report 
Module RX 
Detailed RTL Component Info : 
+---Adders : 
	   2 Input     32 Bit       Adders := 3     
	   2 Input      4 Bit       Adders := 1     
	   2 Input      3 Bit       Adders := 1     
	   2 Input      2 Bit       Adders := 1     
+---Registers : 
	               32 Bit    Registers := 1     
	                8 Bit    Registers := 1     
	                4 Bit    Registers := 1     
	                3 Bit    Registers := 1     
	                2 Bit    Registers := 1     
	                1 Bit    Registers := 1     
+---Muxes : 
	   2 Input     32 Bit        Muxes := 2     
	   6 Input     32 Bit        Muxes := 1     
	   6 Input      8 Bit        Muxes := 1     
	   6 Input      5 Bit        Muxes := 1     
	   2 Input      5 Bit        Muxes := 9     
	   2 Input      4 Bit        Muxes := 9     
	   6 Input      4 Bit        Muxes := 1     
	   6 Input      3 Bit        Muxes := 1     
	   2 Input      3 Bit        Muxes := 2     
	   6 Input      2 Bit        Muxes := 1     
	   2 Input      2 Bit        Muxes := 2     
	   2 Input      1 Bit        Muxes := 6     
	   6 Input      1 Bit        Muxes := 8     
Module TX 
Detailed RTL Component Info : 
+---Adders : 
	   2 Input     32 Bit       Adders := 3     
	   2 Input      4 Bit       Adders := 1     
	   2 Input      3 Bit       Adders := 1     
	   2 Input      2 Bit       Adders := 1     
+---Registers : 
	               32 Bit    Registers := 1     
	                8 Bit    Registers := 1     
	                4 Bit    Registers := 1     
	                3 Bit    Registers := 1     
	                2 Bit    Registers := 1     
	                1 Bit    Registers := 2     
+---Muxes : 
	   2 Input     32 Bit        Muxes := 2     
	   6 Input     32 Bit        Muxes := 1     
	   6 Input      5 Bit        Muxes := 1     
	   2 Input      5 Bit        Muxes := 4     
	   2 Input      4 Bit        Muxes := 6     
	   6 Input      4 Bit        Muxes := 1     
	   6 Input      3 Bit        Muxes := 1     
	   2 Input      3 Bit        Muxes := 2     
	   6 Input      2 Bit        Muxes := 1     
	   2 Input      2 Bit        Muxes := 1     
	   2 Input      1 Bit        Muxes := 6     
	   3 Input      1 Bit        Muxes := 2     
	   6 Input      1 Bit        Muxes := 10    
Module BaudrateGen 
Detailed RTL Component Info : 
+---Adders : 
	   2 Input     12 Bit       Adders := 1     
+---Registers : 
	               12 Bit    Registers := 1     
+---Muxes : 
	   2 Input     12 Bit        Muxes := 1     
Module ALU 
Detailed RTL Component Info : 
+---Adders : 
	   3 Input      8 Bit       Adders := 1     
+---XORs : 
	   2 Input      8 Bit         XORs := 1     
+---Muxes : 
	   8 Input      8 Bit        Muxes := 1     
	   2 Input      8 Bit        Muxes := 1     
	   9 Input      3 Bit        Muxes := 1     
Module FIFO 
Detailed RTL Component Info : 
+---Adders : 
	   2 Input      3 Bit       Adders := 4     
+---Registers : 
	               32 Bit    Registers := 1     
	                1 Bit    Registers := 5     
+---RAMs : 
	               64 Bit         RAMs := 2     
+---Muxes : 
	   4 Input      1 Bit        Muxes := 12    
	   2 Input      1 Bit        Muxes := 2     
	   3 Input      1 Bit        Muxes := 1     
Module Interfaz 
Detailed RTL Component Info : 
+---Registers : 
	               32 Bit    Registers := 1     
	                8 Bit    Registers := 4     
	                1 Bit    Registers := 2     
+---Muxes : 
	   6 Input     32 Bit        Muxes := 1     
	   6 Input      8 Bit        Muxes := 3     
	   2 Input      8 Bit        Muxes := 1     
	   6 Input      5 Bit        Muxes := 1     
	   2 Input      5 Bit        Muxes := 3     
	   3 Input      4 Bit        Muxes := 1     
	   2 Input      4 Bit        Muxes := 1     
	   6 Input      1 Bit        Muxes := 9     
---------------------------------------------------------------------------------
Finished RTL Hierarchical Component Statistics
---------------------------------------------------------------------------------
---------------------------------------------------------------------------------
Start Part Resource Summary
---------------------------------------------------------------------------------
Part Resources:
DSPs: 90 (col length:60)
BRAMs: 100 (col length: RAMB18 60 RAMB36 30)
---------------------------------------------------------------------------------
Finished Part Resource Summary
---------------------------------------------------------------------------------
---------------------------------------------------------------------------------
Start Cross Boundary and Area Optimization
---------------------------------------------------------------------------------
Warning: Parallel synthesis criteria is not met 
INFO: [Synth 8-3886] merging instance 'interfaz/i_reg[30]' (FDRE) to 'interfaz/i_reg[31]'
INFO: [Synth 8-3886] merging instance 'interfaz/i_reg[31]' (FDRE) to 'interfaz/i_reg[29]'
INFO: [Synth 8-3886] merging instance 'interfaz/i_reg[29]' (FDRE) to 'interfaz/i_reg[28]'
INFO: [Synth 8-3886] merging instance 'interfaz/i_reg[28]' (FDRE) to 'interfaz/i_reg[27]'
INFO: [Synth 8-3886] merging instance 'interfaz/i_reg[27]' (FDRE) to 'interfaz/i_reg[26]'
INFO: [Synth 8-3886] merging instance 'interfaz/i_reg[26]' (FDRE) to 'interfaz/i_reg[25]'
INFO: [Synth 8-3886] merging instance 'interfaz/i_reg[25]' (FDRE) to 'interfaz/i_reg[24]'
INFO: [Synth 8-3886] merging instance 'interfaz/i_reg[24]' (FDRE) to 'interfaz/i_reg[23]'
INFO: [Synth 8-3886] merging instance 'interfaz/i_reg[23]' (FDRE) to 'interfaz/i_reg[22]'
INFO: [Synth 8-3886] merging instance 'interfaz/i_reg[22]' (FDRE) to 'interfaz/i_reg[21]'
INFO: [Synth 8-3886] merging instance 'interfaz/i_reg[21]' (FDRE) to 'interfaz/i_reg[20]'
INFO: [Synth 8-3886] merging instance 'interfaz/i_reg[20]' (FDRE) to 'interfaz/i_reg[19]'
INFO: [Synth 8-3886] merging instance 'interfaz/i_reg[19]' (FDRE) to 'interfaz/i_reg[18]'
INFO: [Synth 8-3886] merging instance 'interfaz/i_reg[18]' (FDRE) to 'interfaz/i_reg[17]'
INFO: [Synth 8-3886] merging instance 'interfaz/i_reg[17]' (FDRE) to 'interfaz/i_reg[16]'
INFO: [Synth 8-3886] merging instance 'interfaz/i_reg[16]' (FDRE) to 'interfaz/i_reg[15]'
INFO: [Synth 8-3886] merging instance 'interfaz/i_reg[15]' (FDRE) to 'interfaz/i_reg[14]'
INFO: [Synth 8-3886] merging instance 'interfaz/i_reg[14]' (FDRE) to 'interfaz/i_reg[13]'
INFO: [Synth 8-3886] merging instance 'interfaz/i_reg[13]' (FDRE) to 'interfaz/i_reg[12]'
INFO: [Synth 8-3886] merging instance 'interfaz/i_reg[12]' (FDRE) to 'interfaz/i_reg[11]'
INFO: [Synth 8-3886] merging instance 'interfaz/i_reg[11]' (FDRE) to 'interfaz/i_reg[10]'
INFO: [Synth 8-3886] merging instance 'interfaz/i_reg[10]' (FDRE) to 'interfaz/i_reg[9]'
INFO: [Synth 8-3886] merging instance 'interfaz/i_reg[9]' (FDRE) to 'interfaz/i_reg[8]'
INFO: [Synth 8-3886] merging instance 'interfaz/i_reg[8]' (FDRE) to 'interfaz/i_reg[7]'
INFO: [Synth 8-3886] merging instance 'interfaz/i_reg[7]' (FDRE) to 'interfaz/i_reg[6]'
INFO: [Synth 8-3886] merging instance 'interfaz/i_reg[6]' (FDRE) to 'interfaz/i_reg[5]'
INFO: [Synth 8-3886] merging instance 'interfaz/i_reg[5]' (FDRE) to 'interfaz/i_reg[4]'
INFO: [Synth 8-3886] merging instance 'interfaz/i_reg[4]' (FDRE) to 'interfaz/i_reg[3]'
INFO: [Synth 8-3886] merging instance 'interfaz/i_reg[3]' (FDRE) to 'interfaz/i_reg[2]'
INFO: [Synth 8-3886] merging instance 'fifo/i_reg[30]' (FDRE) to 'fifo/i_reg[31]'
INFO: [Synth 8-3886] merging instance 'fifo/i_reg[31]' (FDRE) to 'fifo/i_reg[29]'
INFO: [Synth 8-3886] merging instance 'fifo/i_reg[29]' (FDRE) to 'fifo/i_reg[28]'
INFO: [Synth 8-3886] merging instance 'fifo/i_reg[28]' (FDRE) to 'fifo/i_reg[27]'
INFO: [Synth 8-3886] merging instance 'fifo/i_reg[27]' (FDRE) to 'fifo/i_reg[26]'
INFO: [Synth 8-3886] merging instance 'fifo/i_reg[26]' (FDRE) to 'fifo/i_reg[25]'
INFO: [Synth 8-3886] merging instance 'fifo/i_reg[25]' (FDRE) to 'fifo/i_reg[24]'
INFO: [Synth 8-3886] merging instance 'fifo/i_reg[24]' (FDRE) to 'fifo/i_reg[23]'
INFO: [Synth 8-3886] merging instance 'fifo/i_reg[23]' (FDRE) to 'fifo/i_reg[22]'
INFO: [Synth 8-3886] merging instance 'fifo/i_reg[22]' (FDRE) to 'fifo/i_reg[21]'
INFO: [Synth 8-3886] merging instance 'fifo/i_reg[21]' (FDRE) to 'fifo/i_reg[20]'
INFO: [Synth 8-3886] merging instance 'fifo/i_reg[20]' (FDRE) to 'fifo/i_reg[19]'
INFO: [Synth 8-3886] merging instance 'fifo/i_reg[19]' (FDRE) to 'fifo/i_reg[18]'
INFO: [Synth 8-3886] merging instance 'fifo/i_reg[18]' (FDRE) to 'fifo/i_reg[17]'
INFO: [Synth 8-3886] merging instance 'fifo/i_reg[17]' (FDRE) to 'fifo/i_reg[16]'
INFO: [Synth 8-3886] merging instance 'fifo/i_reg[16]' (FDRE) to 'fifo/i_reg[15]'
INFO: [Synth 8-3886] merging instance 'fifo/i_reg[15]' (FDRE) to 'fifo/i_reg[14]'
INFO: [Synth 8-3886] merging instance 'fifo/i_reg[14]' (FDRE) to 'fifo/i_reg[13]'
INFO: [Synth 8-3886] merging instance 'fifo/i_reg[13]' (FDRE) to 'fifo/i_reg[12]'
INFO: [Synth 8-3886] merging instance 'fifo/i_reg[12]' (FDRE) to 'fifo/i_reg[11]'
INFO: [Synth 8-3886] merging instance 'fifo/i_reg[11]' (FDRE) to 'fifo/i_reg[10]'
INFO: [Synth 8-3886] merging instance 'fifo/i_reg[10]' (FDRE) to 'fifo/i_reg[9]'
INFO: [Synth 8-3886] merging instance 'fifo/i_reg[9]' (FDRE) to 'fifo/i_reg[8]'
INFO: [Synth 8-3886] merging instance 'fifo/i_reg[8]' (FDRE) to 'fifo/i_reg[7]'
INFO: [Synth 8-3886] merging instance 'fifo/i_reg[7]' (FDRE) to 'fifo/i_reg[6]'
INFO: [Synth 8-3886] merging instance 'fifo/i_reg[6]' (FDRE) to 'fifo/i_reg[5]'
INFO: [Synth 8-3886] merging instance 'fifo/i_reg[5]' (FDRE) to 'fifo/i_reg[4]'
INFO: [Synth 8-3886] merging instance 'fifo/i_reg[4]' (FDRE) to 'fifo/i_reg[3]'
INFO: [Synth 8-3886] merging instance 'fifo/i_reg[3]' (FDRE) to 'fifo/i_reg[2]'
INFO: [Synth 8-3886] merging instance 'fifo/i_reg[2]' (FDRE) to 'fifo/i_reg[1]'
INFO: [Synth 8-3333] propagating constant 0 across sequential element (\fifo/i_reg[1] )
---------------------------------------------------------------------------------
Finished Cross Boundary and Area Optimization : Time (s): cpu = 00:00:13 ; elapsed = 00:00:14 . Memory (MB): peak = 1164.168 ; gain = 411.203
---------------------------------------------------------------------------------
---------------------------------------------------------------------------------
Start ROM, RAM, DSP and Shift Register Reporting
---------------------------------------------------------------------------------

Distributed RAM: Preliminary Mapping	Report (see note below)
+------------+--------------------+-----------+----------------------+-------------+
|Module Name | RTL Object         | Inference | Size (Depth x Width) | Primitives  | 
+------------+--------------------+-----------+----------------------+-------------+
|Top         | fifo/r_memoria_reg | Implied   | 8 x 8                | RAM32M x 2	 | 
|Top         | fifo/t_memoria_reg | Implied   | 8 x 8                | RAM32M x 2	 | 
+------------+--------------------+-----------+----------------------+-------------+

Note: The table above is a preliminary report that shows the Distributed RAMs at the current stage of the synthesis flow. Some Distributed RAMs may be reimplemented as non Distributed RAM primitives later in the synthesis flow. Multiple instantiated RAMs are reported only once.
---------------------------------------------------------------------------------
Finished ROM, RAM, DSP and Shift Register Reporting
---------------------------------------------------------------------------------

Report RTL Partitions: 
+-+--------------+------------+----------+
| |RTL Partition |Replication |Instances |
+-+--------------+------------+----------+
+-+--------------+------------+----------+
---------------------------------------------------------------------------------
Start Applying XDC Timing Constraints
---------------------------------------------------------------------------------
---------------------------------------------------------------------------------
Finished Applying XDC Timing Constraints : Time (s): cpu = 00:00:19 ; elapsed = 00:00:20 . Memory (MB): peak = 1164.168 ; gain = 411.203
---------------------------------------------------------------------------------
---------------------------------------------------------------------------------
Start Timing Optimization
---------------------------------------------------------------------------------
---------------------------------------------------------------------------------
Finished Timing Optimization : Time (s): cpu = 00:00:20 ; elapsed = 00:00:21 . Memory (MB): peak = 1166.805 ; gain = 413.840
---------------------------------------------------------------------------------
---------------------------------------------------------------------------------
Start ROM, RAM, DSP and Shift Register Reporting
---------------------------------------------------------------------------------

Distributed RAM: Final Mapping	Report
+------------+--------------------+-----------+----------------------+-------------+
|Module Name | RTL Object         | Inference | Size (Depth x Width) | Primitives  | 
+------------+--------------------+-----------+----------------------+-------------+
|Top         | fifo/r_memoria_reg | Implied   | 8 x 8                | RAM32M x 2	 | 
|Top         | fifo/t_memoria_reg | Implied   | 8 x 8                | RAM32M x 2	 | 
+------------+--------------------+-----------+----------------------+-------------+

---------------------------------------------------------------------------------
Finished ROM, RAM, DSP and Shift Register Reporting
---------------------------------------------------------------------------------

Report RTL Partitions: 
+-+--------------+------------+----------+
| |RTL Partition |Replication |Instances |
+-+--------------+------------+----------+
+-+--------------+------------+----------+
---------------------------------------------------------------------------------
Start Technology Mapping
---------------------------------------------------------------------------------
---------------------------------------------------------------------------------
Finished Technology Mapping : Time (s): cpu = 00:00:20 ; elapsed = 00:00:21 . Memory (MB): peak = 1171.262 ; gain = 418.297
---------------------------------------------------------------------------------

Report RTL Partitions: 
+-+--------------+------------+----------+
| |RTL Partition |Replication |Instances |
+-+--------------+------------+----------+
+-+--------------+------------+----------+
---------------------------------------------------------------------------------
Start IO Insertion
---------------------------------------------------------------------------------
---------------------------------------------------------------------------------
Start Flattening Before IO Insertion
---------------------------------------------------------------------------------
---------------------------------------------------------------------------------
Finished Flattening Before IO Insertion
---------------------------------------------------------------------------------
---------------------------------------------------------------------------------
Start Final Netlist Cleanup
---------------------------------------------------------------------------------
---------------------------------------------------------------------------------
Finished Final Netlist Cleanup
---------------------------------------------------------------------------------
---------------------------------------------------------------------------------
Finished IO Insertion : Time (s): cpu = 00:00:23 ; elapsed = 00:00:25 . Memory (MB): peak = 1177.078 ; gain = 424.113
---------------------------------------------------------------------------------
---------------------------------------------------------------------------------
Start Renaming Generated Instances
---------------------------------------------------------------------------------
---------------------------------------------------------------------------------
Finished Renaming Generated Instances : Time (s): cpu = 00:00:23 ; elapsed = 00:00:25 . Memory (MB): peak = 1177.078 ; gain = 424.113
---------------------------------------------------------------------------------

Report RTL Partitions: 
+-+--------------+------------+----------+
| |RTL Partition |Replication |Instances |
+-+--------------+------------+----------+
+-+--------------+------------+----------+

Report Check Netlist: 
+------+------------------+-------+---------+-------+------------------+
|      |Item              |Errors |Warnings |Status |Description       |
+------+------------------+-------+---------+-------+------------------+
|1     |multi_driven_nets |      0|        0|Passed |Multi driven nets |
+------+------------------+-------+---------+-------+------------------+
---------------------------------------------------------------------------------
Start Rebuilding User Hierarchy
---------------------------------------------------------------------------------
---------------------------------------------------------------------------------
Finished Rebuilding User Hierarchy : Time (s): cpu = 00:00:23 ; elapsed = 00:00:25 . Memory (MB): peak = 1177.078 ; gain = 424.113
---------------------------------------------------------------------------------
---------------------------------------------------------------------------------
Start Renaming Generated Ports
---------------------------------------------------------------------------------
---------------------------------------------------------------------------------
Finished Renaming Generated Ports : Time (s): cpu = 00:00:23 ; elapsed = 00:00:25 . Memory (MB): peak = 1177.078 ; gain = 424.113
---------------------------------------------------------------------------------
---------------------------------------------------------------------------------
Start Handling Custom Attributes
---------------------------------------------------------------------------------
---------------------------------------------------------------------------------
Finished Handling Custom Attributes : Time (s): cpu = 00:00:23 ; elapsed = 00:00:25 . Memory (MB): peak = 1177.078 ; gain = 424.113
---------------------------------------------------------------------------------
---------------------------------------------------------------------------------
Start Renaming Generated Nets
---------------------------------------------------------------------------------
---------------------------------------------------------------------------------
Finished Renaming Generated Nets : Time (s): cpu = 00:00:23 ; elapsed = 00:00:25 . Memory (MB): peak = 1177.078 ; gain = 424.113
---------------------------------------------------------------------------------
---------------------------------------------------------------------------------
Start Writing Synthesis Report
---------------------------------------------------------------------------------

Report BlackBoxes: 
+-+--------------+----------+
| |BlackBox name |Instances |
+-+--------------+----------+
+-+--------------+----------+

Report Cell Usage: 
+------+-------+------+
|      |Cell   |Count |
+------+-------+------+
|1     |BUFG   |     1|
|2     |CARRY4 |    21|
|3     |LUT1   |     1|
|4     |LUT2   |   118|
|5     |LUT3   |    20|
|6     |LUT4   |    28|
|7     |LUT5   |    40|
|8     |LUT6   |    92|
|9     |MUXF7  |     1|
|10    |RAM32M |     4|
|11    |FDRE   |   177|
|12    |FDSE   |     6|
|13    |IBUF   |     3|
|14    |OBUF   |     1|
+------+-------+------+

Report Instance Areas: 
+------+--------------+------------+------+
|      |Instance      |Module      |Cells |
+------+--------------+------------+------+
|1     |top           |            |   513|
|2     |  alu         |ALU         |     2|
|3     |  baudrategen |BaudrateGen |    30|
|4     |  fifo        |FIFO        |    53|
|5     |  interfaz    |Interfaz    |   136|
|6     |  my_rx       |RX          |   148|
|7     |  my_tx       |TX          |   139|
+------+--------------+------------+------+
---------------------------------------------------------------------------------
Finished Writing Synthesis Report : Time (s): cpu = 00:00:23 ; elapsed = 00:00:25 . Memory (MB): peak = 1177.078 ; gain = 424.113
---------------------------------------------------------------------------------
Synthesis finished with 0 errors, 0 critical warnings and 0 warnings.
Synthesis Optimization Runtime : Time (s): cpu = 00:00:17 ; elapsed = 00:00:23 . Memory (MB): peak = 1177.078 ; gain = 318.828
Synthesis Optimization Complete : Time (s): cpu = 00:00:23 ; elapsed = 00:00:25 . Memory (MB): peak = 1177.078 ; gain = 424.113
INFO: [Project 1-571] Translating synthesized netlist
Netlist sorting complete. Time (s): cpu = 00:00:00 ; elapsed = 00:00:00.007 . Memory (MB): peak = 1189.188 ; gain = 0.000
INFO: [Netlist 29-17] Analyzing 26 Unisim elements for replacement
INFO: [Netlist 29-28] Unisim Transformation completed in 1 CPU seconds
INFO: [Project 1-570] Preparing netlist for logic optimization
INFO: [Opt 31-138] Pushed 0 inverter(s) to 0 load pin(s).
Netlist sorting complete. Time (s): cpu = 00:00:00 ; elapsed = 00:00:00 . Memory (MB): peak = 1191.145 ; gain = 0.000
INFO: [Project 1-111] Unisim Transformation Summary:
  A total of 4 instances were transformed.
  RAM32M => RAM32M (RAMD32(x6), RAMS32(x2)): 4 instances

INFO: [Common 17-83] Releasing license: Synthesis
93 Infos, 0 Warnings, 0 Critical Warnings and 0 Errors encountered.
synth_design completed successfully
synth_design: Time (s): cpu = 00:00:28 ; elapsed = 00:00:30 . Memory (MB): peak = 1191.145 ; gain = 724.734
Netlist sorting complete. Time (s): cpu = 00:00:00 ; elapsed = 00:00:00 . Memory (MB): peak = 1191.145 ; gain = 0.000
WARNING: [Constraints 18-5210] No constraints selected for write.
Resolution: This message can indicate that there are no constraints for the design, or it can indicate that the used_in flags are set such that the constraints are ignored. This later case is used when running synth_design to not write synthesis constraints to the resulting checkpoint. Instead, project constraints are read when the synthesized design is opened.
INFO: [Common 17-1381] The checkpoint 'C:/Users/TomasMartin/TP2.2/TP2.2.runs/synth_1/Top.dcp' has been generated.
INFO: [runtcl-4] Executing : report_utilization -file Top_utilization_synth.rpt -pb Top_utilization_synth.pb
INFO: [Common 17-206] Exiting Vivado at Thu Nov  4 20:26:58 2021...
