
*** Running vivado
    with args -log Top.vdi -applog -m64 -product Vivado -messageDb vivado.pb -mode batch -source Top.tcl -notrace


****** Vivado v2019.2 (64-bit)
  **** SW Build 2708876 on Wed Nov  6 21:40:23 MST 2019
  **** IP Build 2700528 on Thu Nov  7 00:09:20 MST 2019
    ** Copyright 1986-2019 Xilinx, Inc. All Rights Reserved.

source Top.tcl -notrace
Command: open_checkpoint C:/Vivado/TP2/TP2.runs/impl_1/Top.dcp

Starting open_checkpoint Task

Time (s): cpu = 00:00:00 ; elapsed = 00:00:00.625 . Memory (MB): peak = 288.375 ; gain = 5.223
INFO: [Device 21-403] Loading part xc7a35tcpg236-1
Netlist sorting complete. Time (s): cpu = 00:00:00 ; elapsed = 00:00:00.017 . Memory (MB): peak = 752.664 ; gain = 0.000
INFO: [Netlist 29-17] Analyzing 26 Unisim elements for replacement
INFO: [Netlist 29-28] Unisim Transformation completed in 0 CPU seconds
INFO: [Project 1-479] Netlist was created with Vivado 2019.2
INFO: [Project 1-570] Preparing netlist for logic optimization
INFO: [Timing 38-478] Restoring timing data from binary archive.
INFO: [Timing 38-479] Binary timing data restore complete.
INFO: [Project 1-856] Restoring constraints from binary archive.
INFO: [Project 1-853] Binary constraint restore complete.
Reading XDEF placement.
Reading placer database...
Reading XDEF routing.
Read XDEF File: Time (s): cpu = 00:00:00 ; elapsed = 00:00:02 . Memory (MB): peak = 1343.273 ; gain = 0.000
Restored from archive | CPU: 0.000000 secs | Memory: 0.000000 MB |
Finished XDEF File Restore: Time (s): cpu = 00:00:00 ; elapsed = 00:00:02 . Memory (MB): peak = 1343.273 ; gain = 0.000
Netlist sorting complete. Time (s): cpu = 00:00:00 ; elapsed = 00:00:00.007 . Memory (MB): peak = 1343.273 ; gain = 0.000
INFO: [Project 1-111] Unisim Transformation Summary:
  A total of 4 instances were transformed.
  RAM32M => RAM32M (RAMD32(x6), RAMS32(x2)): 4 instances

INFO: [Project 1-604] Checkpoint was created with Vivado v2019.2 (64-bit) build 2708876
open_checkpoint: Time (s): cpu = 00:01:17 ; elapsed = 00:05:54 . Memory (MB): peak = 1343.273 ; gain = 1065.004
Command: opt_design
Attempting to get a license for feature 'Implementation' and/or device 'xc7a35t'
INFO: [Common 17-349] Got license for feature 'Implementation' and/or device 'xc7a35t'
Running DRC as a precondition to command opt_design

Starting DRC Task
INFO: [DRC 23-27] Running DRC with 2 threads
INFO: [Project 1-461] DRC finished with 0 Errors
INFO: [Project 1-462] Please refer to the DRC report (report_drc) for more information.

Time (s): cpu = 00:00:04 ; elapsed = 00:00:18 . Memory (MB): peak = 1363.898 ; gain = 20.625

Starting Cache Timing Information Task
INFO: [Timing 38-35] Done setting XDC timing constraints.
Ending Cache Timing Information Task | Checksum: 165b1ad3c

Time (s): cpu = 00:00:01 ; elapsed = 00:00:03 . Memory (MB): peak = 1451.902 ; gain = 88.004

Starting Logic Optimization Task

Phase 1 Retarget
INFO: [Opt 31-138] Pushed 0 inverter(s) to 0 load pin(s).
INFO: [Opt 31-49] Retargeted 0 cell(s).
Phase 1 Retarget | Checksum: 1f261c732

Time (s): cpu = 00:00:00 ; elapsed = 00:00:07 . Memory (MB): peak = 1635.680 ; gain = 0.000
INFO: [Opt 31-389] Phase Retarget created 0 cells and removed 1 cells

Phase 2 Constant propagation
INFO: [Opt 31-138] Pushed 0 inverter(s) to 0 load pin(s).
Phase 2 Constant propagation | Checksum: 1f261c732

Time (s): cpu = 00:00:00 ; elapsed = 00:00:08 . Memory (MB): peak = 1635.680 ; gain = 0.000
INFO: [Opt 31-389] Phase Constant propagation created 0 cells and removed 0 cells

Phase 3 Sweep
Phase 3 Sweep | Checksum: 1edf1c6e3

Time (s): cpu = 00:00:00 ; elapsed = 00:00:08 . Memory (MB): peak = 1635.680 ; gain = 0.000
INFO: [Opt 31-389] Phase Sweep created 0 cells and removed 0 cells

Phase 4 BUFG optimization
INFO: [Opt 31-1112] Starts optimizing BUFG(s) with a common MMCM/DPLL/XPLL driver.
INFO: [Opt 31-1112] Starts optimizing BUFG(s) with a common driver.
INFO: [Opt 31-1092] Phase BUFG optimization transformed 0 BUFG(s) to MBUFG(s).
Phase 4 BUFG optimization | Checksum: 1edf1c6e3

Time (s): cpu = 00:00:01 ; elapsed = 00:00:09 . Memory (MB): peak = 1635.680 ; gain = 0.000
INFO: [Opt 31-662] Phase BUFG optimization created 0 cells of which 0 are BUFGs and removed 0 cells.

Phase 5 Shift Register Optimization
INFO: [Opt 31-1064] SRL Remap converted 0 SRLs to 0 registers and converted 0 registers of register chains to 0 SRLs
Phase 5 Shift Register Optimization | Checksum: 1edf1c6e3

Time (s): cpu = 00:00:01 ; elapsed = 00:00:09 . Memory (MB): peak = 1635.680 ; gain = 0.000
INFO: [Opt 31-389] Phase Shift Register Optimization created 0 cells and removed 0 cells

Phase 6 Post Processing Netlist
Phase 6 Post Processing Netlist | Checksum: 1edf1c6e3

Time (s): cpu = 00:00:01 ; elapsed = 00:00:09 . Memory (MB): peak = 1635.680 ; gain = 0.000
INFO: [Opt 31-389] Phase Post Processing Netlist created 0 cells and removed 0 cells
Opt_design Change Summary
=========================


-------------------------------------------------------------------------------------------------------------------------
|  Phase                        |  #Cells created  |  #Cells Removed  |  #Constrained objects preventing optimizations  |
-------------------------------------------------------------------------------------------------------------------------
|  Retarget                     |               0  |               1  |                                              0  |
|  Constant propagation         |               0  |               0  |                                              0  |
|  Sweep                        |               0  |               0  |                                              0  |
|  BUFG optimization            |               0  |               0  |                                              0  |
|  Shift Register Optimization  |               0  |               0  |                                              0  |
|  Post Processing Netlist      |               0  |               0  |                                              0  |
-------------------------------------------------------------------------------------------------------------------------



Starting Connectivity Check Task

Time (s): cpu = 00:00:00 ; elapsed = 00:00:00.131 . Memory (MB): peak = 1635.680 ; gain = 0.000
Ending Logic Optimization Task | Checksum: 22546ee9a

Time (s): cpu = 00:00:01 ; elapsed = 00:00:10 . Memory (MB): peak = 1635.680 ; gain = 0.000

Starting Power Optimization Task
INFO: [Pwropt 34-132] Skipping clock gating for clocks with a period < 2.00 ns.
Ending Power Optimization Task | Checksum: 22546ee9a

Time (s): cpu = 00:00:00 ; elapsed = 00:00:02 . Memory (MB): peak = 1635.680 ; gain = 0.000

Starting Final Cleanup Task
Ending Final Cleanup Task | Checksum: 22546ee9a

Time (s): cpu = 00:00:00 ; elapsed = 00:00:00.001 . Memory (MB): peak = 1635.680 ; gain = 0.000

Starting Netlist Obfuscation Task
Netlist sorting complete. Time (s): cpu = 00:00:00 ; elapsed = 00:00:00 . Memory (MB): peak = 1635.680 ; gain = 0.000
Ending Netlist Obfuscation Task | Checksum: 22546ee9a

Time (s): cpu = 00:00:00 ; elapsed = 00:00:00.002 . Memory (MB): peak = 1635.680 ; gain = 0.000
INFO: [Common 17-83] Releasing license: Implementation
31 Infos, 0 Warnings, 0 Critical Warnings and 0 Errors encountered.
opt_design completed successfully
opt_design: Time (s): cpu = 00:00:14 ; elapsed = 00:01:11 . Memory (MB): peak = 1635.680 ; gain = 292.406
Netlist sorting complete. Time (s): cpu = 00:00:00 ; elapsed = 00:00:00.001 . Memory (MB): peak = 1635.680 ; gain = 0.000
INFO: [Timing 38-480] Writing timing data to binary archive.
Writing placer database...
Writing XDEF routing.
Writing XDEF routing logical nets.
Writing XDEF routing special nets.
Write XDEF Complete: Time (s): cpu = 00:00:00 ; elapsed = 00:00:02 . Memory (MB): peak = 1635.680 ; gain = 0.000
INFO: [Common 17-1381] The checkpoint 'C:/Vivado/TP2/TP2.runs/impl_1/Top_opt.dcp' has been generated.
write_checkpoint: Time (s): cpu = 00:00:01 ; elapsed = 00:00:19 . Memory (MB): peak = 1635.680 ; gain = 0.000
INFO: [runtcl-4] Executing : report_drc -file Top_drc_opted.rpt -pb Top_drc_opted.pb -rpx Top_drc_opted.rpx
Command: report_drc -file Top_drc_opted.rpt -pb Top_drc_opted.pb -rpx Top_drc_opted.rpx
INFO: [IP_Flow 19-234] Refreshing IP repositories
INFO: [IP_Flow 19-1704] No user IP repositories specified
INFO: [IP_Flow 19-2313] Loaded Vivado IP repository 'C:/Xilinx/Vivado/2019.2/data/ip'.
INFO: [DRC 23-27] Running DRC with 2 threads
INFO: [Coretcl 2-168] The results of DRC are in file C:/Vivado/TP2/TP2.runs/impl_1/Top_drc_opted.rpt.
report_drc completed successfully
report_drc: Time (s): cpu = 00:00:09 ; elapsed = 00:02:36 . Memory (MB): peak = 1635.680 ; gain = 0.000
Command: place_design
Attempting to get a license for feature 'Implementation' and/or device 'xc7a35t'
INFO: [Common 17-349] Got license for feature 'Implementation' and/or device 'xc7a35t'
INFO: [DRC 23-27] Running DRC with 2 threads
INFO: [Vivado_Tcl 4-198] DRC finished with 0 Errors
INFO: [Vivado_Tcl 4-199] Please refer to the DRC report (report_drc) for more information.
Running DRC as a precondition to command place_design
INFO: [DRC 23-27] Running DRC with 2 threads
INFO: [Vivado_Tcl 4-198] DRC finished with 0 Errors
INFO: [Vivado_Tcl 4-199] Please refer to the DRC report (report_drc) for more information.

Starting Placer Task
INFO: [Place 30-611] Multithreading enabled for place_design using a maximum of 2 CPUs

Phase 1 Placer Initialization

Phase 1.1 Placer Initialization Netlist Sorting
Netlist sorting complete. Time (s): cpu = 00:00:00 ; elapsed = 00:00:00 . Memory (MB): peak = 1635.680 ; gain = 0.000
Phase 1.1 Placer Initialization Netlist Sorting | Checksum: 18465a07d

Time (s): cpu = 00:00:00 ; elapsed = 00:00:00.507 . Memory (MB): peak = 1635.680 ; gain = 0.000
Netlist sorting complete. Time (s): cpu = 00:00:00 ; elapsed = 00:00:00.001 . Memory (MB): peak = 1635.680 ; gain = 0.000

Phase 1.2 IO Placement/ Clock Placement/ Build Placer Device
INFO: [Timing 38-35] Done setting XDC timing constraints.
Phase 1.2 IO Placement/ Clock Placement/ Build Placer Device | Checksum: 11094eff5

Time (s): cpu = 00:00:04 ; elapsed = 00:00:10 . Memory (MB): peak = 1635.680 ; gain = 0.000

Phase 1.3 Build Placer Netlist Model
Phase 1.3 Build Placer Netlist Model | Checksum: 207b67490

Time (s): cpu = 00:00:05 ; elapsed = 00:00:15 . Memory (MB): peak = 1635.680 ; gain = 0.000

Phase 1.4 Constrain Clocks/Macros
Phase 1.4 Constrain Clocks/Macros | Checksum: 207b67490

Time (s): cpu = 00:00:05 ; elapsed = 00:00:15 . Memory (MB): peak = 1635.680 ; gain = 0.000
Phase 1 Placer Initialization | Checksum: 207b67490

Time (s): cpu = 00:00:05 ; elapsed = 00:00:16 . Memory (MB): peak = 1635.680 ; gain = 0.000

Phase 2 Global Placement

Phase 2.1 Floorplanning
Phase 2.1 Floorplanning | Checksum: 16f6b2506

Time (s): cpu = 00:00:06 ; elapsed = 00:00:16 . Memory (MB): peak = 1635.680 ; gain = 0.000

Phase 2.2 Global Placement Core

Phase 2.2.1 Physical Synthesis In Placer
INFO: [Physopt 32-1018] Found 2 candidate LUT instances to create LUTNM shape
INFO: [Physopt 32-775] End 1 Pass. Optimized 1 net or cell. Created 0 new cell, deleted 1 existing cell and moved 0 existing cell
INFO: [Physopt 32-65] No nets found for high-fanout optimization.
INFO: [Physopt 32-232] Optimized 0 net. Created 0 new instance.
INFO: [Physopt 32-775] End 1 Pass. Optimized 0 net or cell. Created 0 new cell, deleted 0 existing cell and moved 0 existing cell
INFO: [Physopt 32-670] No setup violation found.  DSP Register Optimization was not performed.
INFO: [Physopt 32-670] No setup violation found.  Shift Register to Pipeline Optimization was not performed.
INFO: [Physopt 32-670] No setup violation found.  Shift Register Optimization was not performed.
INFO: [Physopt 32-670] No setup violation found.  BRAM Register Optimization was not performed.
INFO: [Physopt 32-949] No candidate nets found for HD net replication
INFO: [Physopt 32-775] End 1 Pass. Optimized 0 net or cell. Created 0 new cell, deleted 0 existing cell and moved 0 existing cell
Netlist sorting complete. Time (s): cpu = 00:00:00 ; elapsed = 00:00:00.001 . Memory (MB): peak = 1635.680 ; gain = 0.000

Summary of Physical Synthesis Optimizations
============================================


-----------------------------------------------------------------------------------------------------------------------------------------------------------
|  Optimization                                     |  Added Cells  |  Removed Cells  |  Optimized Cells/Nets  |  Dont Touch  |  Iterations  |  Elapsed   |
-----------------------------------------------------------------------------------------------------------------------------------------------------------
|  LUT Combining                                    |            0  |              1  |                     1  |           0  |           1  |  00:00:01  |
|  Very High Fanout                                 |            0  |              0  |                     0  |           0  |           1  |  00:00:00  |
|  DSP Register                                     |            0  |              0  |                     0  |           0  |           0  |  00:00:00  |
|  Shift Register to Pipeline                       |            0  |              0  |                     0  |           0  |           0  |  00:00:00  |
|  Shift Register                                   |            0  |              0  |                     0  |           0  |           0  |  00:00:00  |
|  BRAM Register                                    |            0  |              0  |                     0  |           0  |           0  |  00:00:00  |
|  Dynamic/Static Region Interface Net Replication  |            0  |              0  |                     0  |           0  |           1  |  00:00:00  |
|  Total                                            |            0  |              1  |                     1  |           0  |           3  |  00:00:01  |
-----------------------------------------------------------------------------------------------------------------------------------------------------------


Phase 2.2.1 Physical Synthesis In Placer | Checksum: 3d8a981a

Time (s): cpu = 00:00:14 ; elapsed = 00:00:24 . Memory (MB): peak = 1635.680 ; gain = 0.000
Phase 2.2 Global Placement Core | Checksum: 74537510

Time (s): cpu = 00:00:14 ; elapsed = 00:00:25 . Memory (MB): peak = 1635.680 ; gain = 0.000
Phase 2 Global Placement | Checksum: 74537510

Time (s): cpu = 00:00:14 ; elapsed = 00:00:25 . Memory (MB): peak = 1635.680 ; gain = 0.000

Phase 3 Detail Placement

Phase 3.1 Commit Multi Column Macros
Phase 3.1 Commit Multi Column Macros | Checksum: ba84a6a1

Time (s): cpu = 00:00:14 ; elapsed = 00:00:25 . Memory (MB): peak = 1635.680 ; gain = 0.000

Phase 3.2 Commit Most Macros & LUTRAMs
Phase 3.2 Commit Most Macros & LUTRAMs | Checksum: 1beebdd99

Time (s): cpu = 00:00:15 ; elapsed = 00:00:26 . Memory (MB): peak = 1635.680 ; gain = 0.000

Phase 3.3 Area Swap Optimization
Phase 3.3 Area Swap Optimization | Checksum: ebb47286

Time (s): cpu = 00:00:15 ; elapsed = 00:00:26 . Memory (MB): peak = 1635.680 ; gain = 0.000

Phase 3.4 Pipeline Register Optimization
Phase 3.4 Pipeline Register Optimization | Checksum: 1b13c80fa

Time (s): cpu = 00:00:15 ; elapsed = 00:00:26 . Memory (MB): peak = 1635.680 ; gain = 0.000

Phase 3.5 Small Shape Detail Placement
Phase 3.5 Small Shape Detail Placement | Checksum: f4b35d9e

Time (s): cpu = 00:00:16 ; elapsed = 00:00:28 . Memory (MB): peak = 1635.680 ; gain = 0.000

Phase 3.6 Re-assign LUT pins
Phase 3.6 Re-assign LUT pins | Checksum: 90521204

Time (s): cpu = 00:00:16 ; elapsed = 00:00:28 . Memory (MB): peak = 1635.680 ; gain = 0.000

Phase 3.7 Pipeline Register Optimization
Phase 3.7 Pipeline Register Optimization | Checksum: 59da1b38

Time (s): cpu = 00:00:16 ; elapsed = 00:00:28 . Memory (MB): peak = 1635.680 ; gain = 0.000
Phase 3 Detail Placement | Checksum: 59da1b38

Time (s): cpu = 00:00:16 ; elapsed = 00:00:28 . Memory (MB): peak = 1635.680 ; gain = 0.000

Phase 4 Post Placement Optimization and Clean-Up

Phase 4.1 Post Commit Optimization
INFO: [Timing 38-35] Done setting XDC timing constraints.

Phase 4.1.1 Post Placement Optimization
Post Placement Optimization Initialization | Checksum: ef265b68

Phase 4.1.1.1 BUFG Insertion
INFO: [Place 46-56] BUFG insertion identified 0 candidate nets. Inserted BUFG: 0, Replicated BUFG Driver: 0, Skipped due to Placement/Routing Conflicts: 0, Skipped due to Timing Degradation: 0, Skipped due to Illegal Netlist: 0.
Phase 4.1.1.1 BUFG Insertion | Checksum: ef265b68

Time (s): cpu = 00:00:17 ; elapsed = 00:00:30 . Memory (MB): peak = 1638.457 ; gain = 2.777
INFO: [Place 30-746] Post Placement Timing Summary WNS=4.557. For the most accurate timing information please run report_timing.
Phase 4.1.1 Post Placement Optimization | Checksum: 10700092f

Time (s): cpu = 00:00:17 ; elapsed = 00:00:30 . Memory (MB): peak = 1638.457 ; gain = 2.777
Phase 4.1 Post Commit Optimization | Checksum: 10700092f

Time (s): cpu = 00:00:17 ; elapsed = 00:00:30 . Memory (MB): peak = 1638.457 ; gain = 2.777

Phase 4.2 Post Placement Cleanup
Phase 4.2 Post Placement Cleanup | Checksum: 10700092f

Time (s): cpu = 00:00:17 ; elapsed = 00:00:30 . Memory (MB): peak = 1638.457 ; gain = 2.777

Phase 4.3 Placer Reporting
Phase 4.3 Placer Reporting | Checksum: 10700092f

Time (s): cpu = 00:00:17 ; elapsed = 00:00:30 . Memory (MB): peak = 1638.457 ; gain = 2.777

Phase 4.4 Final Placement Cleanup
Netlist sorting complete. Time (s): cpu = 00:00:00 ; elapsed = 00:00:00 . Memory (MB): peak = 1638.457 ; gain = 0.000
Phase 4.4 Final Placement Cleanup | Checksum: 16459706c

Time (s): cpu = 00:00:17 ; elapsed = 00:00:31 . Memory (MB): peak = 1638.457 ; gain = 2.777
Phase 4 Post Placement Optimization and Clean-Up | Checksum: 16459706c

Time (s): cpu = 00:00:17 ; elapsed = 00:00:31 . Memory (MB): peak = 1638.457 ; gain = 2.777
Ending Placer Task | Checksum: aa2fc39e

Time (s): cpu = 00:00:17 ; elapsed = 00:00:31 . Memory (MB): peak = 1638.457 ; gain = 2.777
INFO: [Common 17-83] Releasing license: Implementation
63 Infos, 0 Warnings, 0 Critical Warnings and 0 Errors encountered.
place_design completed successfully
place_design: Time (s): cpu = 00:00:22 ; elapsed = 00:00:35 . Memory (MB): peak = 1638.457 ; gain = 2.777
Netlist sorting complete. Time (s): cpu = 00:00:00 ; elapsed = 00:00:00 . Memory (MB): peak = 1638.457 ; gain = 0.000
INFO: [Timing 38-480] Writing timing data to binary archive.
Writing placer database...
Writing XDEF routing.
Writing XDEF routing logical nets.
Writing XDEF routing special nets.
Write XDEF Complete: Time (s): cpu = 00:00:01 ; elapsed = 00:00:00.744 . Memory (MB): peak = 1639.465 ; gain = 1.008
INFO: [Common 17-1381] The checkpoint 'C:/Vivado/TP2/TP2.runs/impl_1/Top_placed.dcp' has been generated.
INFO: [runtcl-4] Executing : report_io -file Top_io_placed.rpt
report_io: Time (s): cpu = 00:00:00 ; elapsed = 00:00:00.603 . Memory (MB): peak = 1639.465 ; gain = 0.000
INFO: [runtcl-4] Executing : report_utilization -file Top_utilization_placed.rpt -pb Top_utilization_placed.pb
INFO: [runtcl-4] Executing : report_control_sets -verbose -file Top_control_sets_placed.rpt
report_control_sets: Time (s): cpu = 00:00:00 ; elapsed = 00:00:00.140 . Memory (MB): peak = 1639.465 ; gain = 0.000
Command: phys_opt_design
Attempting to get a license for feature 'Implementation' and/or device 'xc7a35t'
INFO: [Common 17-349] Got license for feature 'Implementation' and/or device 'xc7a35t'
INFO: [Vivado_Tcl 4-383] Design worst setup slack (WNS) is greater than or equal to 0.250 ns. Skipping all physical synthesis optimizations.
INFO: [Vivado_Tcl 4-232] No setup violation found. The netlist was not modified.
INFO: [Common 17-83] Releasing license: Implementation
72 Infos, 0 Warnings, 0 Critical Warnings and 0 Errors encountered.
phys_opt_design completed successfully
Netlist sorting complete. Time (s): cpu = 00:00:00 ; elapsed = 00:00:00 . Memory (MB): peak = 1653.949 ; gain = 0.000
INFO: [Timing 38-480] Writing timing data to binary archive.
Writing placer database...
Writing XDEF routing.
Writing XDEF routing logical nets.
Writing XDEF routing special nets.
Write XDEF Complete: Time (s): cpu = 00:00:01 ; elapsed = 00:00:00.677 . Memory (MB): peak = 1671.820 ; gain = 17.871
INFO: [Common 17-1381] The checkpoint 'C:/Vivado/TP2/TP2.runs/impl_1/Top_physopt.dcp' has been generated.
Command: route_design
Attempting to get a license for feature 'Implementation' and/or device 'xc7a35t'
INFO: [Common 17-349] Got license for feature 'Implementation' and/or device 'xc7a35t'
Running DRC as a precondition to command route_design
INFO: [DRC 23-27] Running DRC with 2 threads
INFO: [Vivado_Tcl 4-198] DRC finished with 0 Errors
INFO: [Vivado_Tcl 4-199] Please refer to the DRC report (report_drc) for more information.


Starting Routing Task
INFO: [Route 35-254] Multithreading enabled for route_design using a maximum of 2 CPUs
Checksum: PlaceDB: 5334cad ConstDB: 0 ShapeSum: a4fc76f1 RouteDB: 0

Phase 1 Build RT Design
Phase 1 Build RT Design | Checksum: 153dde4c4

Time (s): cpu = 00:01:42 ; elapsed = 00:01:54 . Memory (MB): peak = 1756.395 ; gain = 73.520
Post Restoration Checksum: NetGraph: c8b4035b NumContArr: 8b29e169 Constraints: 0 Timing: 0

Phase 2 Router Initialization

Phase 2.1 Create Timer
Phase 2.1 Create Timer | Checksum: 153dde4c4

Time (s): cpu = 00:01:42 ; elapsed = 00:01:54 . Memory (MB): peak = 1756.395 ; gain = 73.520

Phase 2.2 Fix Topology Constraints
Phase 2.2 Fix Topology Constraints | Checksum: 153dde4c4

Time (s): cpu = 00:01:42 ; elapsed = 00:01:55 . Memory (MB): peak = 1762.371 ; gain = 79.496

Phase 2.3 Pre Route Cleanup
Phase 2.3 Pre Route Cleanup | Checksum: 153dde4c4

Time (s): cpu = 00:01:42 ; elapsed = 00:01:55 . Memory (MB): peak = 1762.371 ; gain = 79.496
 Number of Nodes with overlaps = 0

Phase 2.4 Update Timing
Phase 2.4 Update Timing | Checksum: 1f21f7e27

Time (s): cpu = 00:01:43 ; elapsed = 00:01:58 . Memory (MB): peak = 1767.145 ; gain = 84.270
INFO: [Route 35-416] Intermediate Timing Summary | WNS=4.571  | TNS=0.000  | WHS=-0.180 | THS=-14.262|

Phase 2 Router Initialization | Checksum: 1e827128a

Time (s): cpu = 00:01:44 ; elapsed = 00:01:58 . Memory (MB): peak = 1767.145 ; gain = 84.270

Router Utilization Summary
  Global Vertical Routing Utilization    = 0 %
  Global Horizontal Routing Utilization  = 0 %
  Routable Net Status*
  *Does not include unroutable nets such as driverless and loadless.
  Run report_route_status for detailed report.
  Number of Failed Nets               = 411
    (Failed Nets is the sum of unrouted and partially routed nets)
  Number of Unrouted Nets             = 411
  Number of Partially Routed Nets     = 0
  Number of Node Overlaps             = 0


Phase 3 Initial Routing
Phase 3 Initial Routing | Checksum: eef45da8

Time (s): cpu = 00:01:45 ; elapsed = 00:01:59 . Memory (MB): peak = 1767.145 ; gain = 84.270

Phase 4 Rip-up And Reroute

Phase 4.1 Global Iteration 0
 Number of Nodes with overlaps = 39
 Number of Nodes with overlaps = 0
INFO: [Route 35-416] Intermediate Timing Summary | WNS=4.302  | TNS=0.000  | WHS=N/A    | THS=N/A    |

Phase 4.1 Global Iteration 0 | Checksum: 1d2be4fde

Time (s): cpu = 00:01:45 ; elapsed = 00:02:00 . Memory (MB): peak = 1767.145 ; gain = 84.270

Phase 4.2 Global Iteration 1
 Number of Nodes with overlaps = 0
INFO: [Route 35-416] Intermediate Timing Summary | WNS=4.302  | TNS=0.000  | WHS=N/A    | THS=N/A    |

Phase 4.2 Global Iteration 1 | Checksum: 16aed139c

Time (s): cpu = 00:01:45 ; elapsed = 00:02:00 . Memory (MB): peak = 1767.145 ; gain = 84.270
Phase 4 Rip-up And Reroute | Checksum: 16aed139c

Time (s): cpu = 00:01:45 ; elapsed = 00:02:00 . Memory (MB): peak = 1767.145 ; gain = 84.270

Phase 5 Delay and Skew Optimization

Phase 5.1 Delay CleanUp
Phase 5.1 Delay CleanUp | Checksum: 16aed139c

Time (s): cpu = 00:01:45 ; elapsed = 00:02:00 . Memory (MB): peak = 1767.145 ; gain = 84.270

Phase 5.2 Clock Skew Optimization
Phase 5.2 Clock Skew Optimization | Checksum: 16aed139c

Time (s): cpu = 00:01:46 ; elapsed = 00:02:00 . Memory (MB): peak = 1767.145 ; gain = 84.270
Phase 5 Delay and Skew Optimization | Checksum: 16aed139c

Time (s): cpu = 00:01:46 ; elapsed = 00:02:00 . Memory (MB): peak = 1767.145 ; gain = 84.270

Phase 6 Post Hold Fix

Phase 6.1 Hold Fix Iter

Phase 6.1.1 Update Timing
Phase 6.1.1 Update Timing | Checksum: 113df80f7

Time (s): cpu = 00:01:46 ; elapsed = 00:02:00 . Memory (MB): peak = 1767.145 ; gain = 84.270
INFO: [Route 35-416] Intermediate Timing Summary | WNS=4.381  | TNS=0.000  | WHS=0.046  | THS=0.000  |

Phase 6.1 Hold Fix Iter | Checksum: e50d71c0

Time (s): cpu = 00:01:46 ; elapsed = 00:02:00 . Memory (MB): peak = 1767.145 ; gain = 84.270
Phase 6 Post Hold Fix | Checksum: e50d71c0

Time (s): cpu = 00:01:46 ; elapsed = 00:02:00 . Memory (MB): peak = 1767.145 ; gain = 84.270

Phase 7 Route finalize

Router Utilization Summary
  Global Vertical Routing Utilization    = 0.0725504 %
  Global Horizontal Routing Utilization  = 0.0739198 %
  Routable Net Status*
  *Does not include unroutable nets such as driverless and loadless.
  Run report_route_status for detailed report.
  Number of Failed Nets               = 0
    (Failed Nets is the sum of unrouted and partially routed nets)
  Number of Unrouted Nets             = 0
  Number of Partially Routed Nets     = 0
  Number of Node Overlaps             = 0

Phase 7 Route finalize | Checksum: 1777b8c58

Time (s): cpu = 00:01:46 ; elapsed = 00:02:00 . Memory (MB): peak = 1767.145 ; gain = 84.270

Phase 8 Verifying routed nets

 Verification completed successfully
Phase 8 Verifying routed nets | Checksum: 1777b8c58

Time (s): cpu = 00:01:46 ; elapsed = 00:02:00 . Memory (MB): peak = 1768.902 ; gain = 86.027

Phase 9 Depositing Routes
Phase 9 Depositing Routes | Checksum: 17c7a8592

Time (s): cpu = 00:01:46 ; elapsed = 00:02:01 . Memory (MB): peak = 1768.902 ; gain = 86.027

Phase 10 Post Router Timing
INFO: [Route 35-57] Estimated Timing Summary | WNS=4.381  | TNS=0.000  | WHS=0.046  | THS=0.000  |

INFO: [Route 35-327] The final timing numbers are based on the router estimated timing analysis. For a complete and accurate timing signoff, please run report_timing_summary.
Phase 10 Post Router Timing | Checksum: 17c7a8592

Time (s): cpu = 00:01:46 ; elapsed = 00:02:01 . Memory (MB): peak = 1768.902 ; gain = 86.027
INFO: [Route 35-16] Router Completed Successfully

Time (s): cpu = 00:01:46 ; elapsed = 00:02:02 . Memory (MB): peak = 1768.902 ; gain = 86.027

Routing Is Done.
INFO: [Common 17-83] Releasing license: Implementation
87 Infos, 0 Warnings, 0 Critical Warnings and 0 Errors encountered.
route_design completed successfully
route_design: Time (s): cpu = 00:01:52 ; elapsed = 00:02:07 . Memory (MB): peak = 1768.902 ; gain = 97.082
Netlist sorting complete. Time (s): cpu = 00:00:00 ; elapsed = 00:00:00.001 . Memory (MB): peak = 1768.902 ; gain = 0.000
INFO: [Timing 38-480] Writing timing data to binary archive.
Writing placer database...
Writing XDEF routing.
Writing XDEF routing logical nets.
Writing XDEF routing special nets.
Write XDEF Complete: Time (s): cpu = 00:00:01 ; elapsed = 00:00:00.598 . Memory (MB): peak = 1778.824 ; gain = 9.922
INFO: [Common 17-1381] The checkpoint 'C:/Vivado/TP2/TP2.runs/impl_1/Top_routed.dcp' has been generated.
INFO: [runtcl-4] Executing : report_drc -file Top_drc_routed.rpt -pb Top_drc_routed.pb -rpx Top_drc_routed.rpx
Command: report_drc -file Top_drc_routed.rpt -pb Top_drc_routed.pb -rpx Top_drc_routed.rpx
INFO: [IP_Flow 19-1839] IP Catalog is up to date.
INFO: [DRC 23-27] Running DRC with 2 threads
INFO: [Coretcl 2-168] The results of DRC are in file C:/Vivado/TP2/TP2.runs/impl_1/Top_drc_routed.rpt.
report_drc completed successfully
INFO: [runtcl-4] Executing : report_methodology -file Top_methodology_drc_routed.rpt -pb Top_methodology_drc_routed.pb -rpx Top_methodology_drc_routed.rpx
Command: report_methodology -file Top_methodology_drc_routed.rpt -pb Top_methodology_drc_routed.pb -rpx Top_methodology_drc_routed.rpx
INFO: [Timing 38-35] Done setting XDC timing constraints.
INFO: [DRC 23-133] Running Methodology with 2 threads
INFO: [Coretcl 2-1520] The results of Report Methodology are in file C:/Vivado/TP2/TP2.runs/impl_1/Top_methodology_drc_routed.rpt.
report_methodology completed successfully
report_methodology: Time (s): cpu = 00:00:07 ; elapsed = 00:00:07 . Memory (MB): peak = 1803.645 ; gain = 0.000
INFO: [runtcl-4] Executing : report_power -file Top_power_routed.rpt -pb Top_power_summary_routed.pb -rpx Top_power_routed.rpx
Command: report_power -file Top_power_routed.rpt -pb Top_power_summary_routed.pb -rpx Top_power_routed.rpx
INFO: [Timing 38-35] Done setting XDC timing constraints.
Running Vector-less Activity Propagation...

Finished Running Vector-less Activity Propagation
99 Infos, 0 Warnings, 0 Critical Warnings and 0 Errors encountered.
report_power completed successfully
INFO: [runtcl-4] Executing : report_route_status -file Top_route_status.rpt -pb Top_route_status.pb
INFO: [runtcl-4] Executing : report_timing_summary -max_paths 10 -file Top_timing_summary_routed.rpt -pb Top_timing_summary_routed.pb -rpx Top_timing_summary_routed.rpx -warn_on_violation 
INFO: [Timing 38-91] UpdateTimingParams: Speed grade: -1, Delay Type: min_max.
INFO: [Timing 38-191] Multithreading enabled for timing update using a maximum of 2 CPUs
INFO: [runtcl-4] Executing : report_incremental_reuse -file Top_incremental_reuse_routed.rpt
INFO: [Vivado_Tcl 4-1062] Incremental flow is disabled. No incremental reuse Info to report.
INFO: [runtcl-4] Executing : report_clock_utilization -file Top_clock_utilization_routed.rpt
INFO: [runtcl-4] Executing : report_bus_skew -warn_on_violation -file Top_bus_skew_routed.rpt -pb Top_bus_skew_routed.pb -rpx Top_bus_skew_routed.rpx
INFO: [Timing 38-91] UpdateTimingParams: Speed grade: -1, Delay Type: min_max.
INFO: [Timing 38-191] Multithreading enabled for timing update using a maximum of 2 CPUs
INFO: [Common 17-206] Exiting Vivado at Mon Oct 25 16:08:15 2021...
